...found 1 target...
...found 12 targets...
...updating 1 target...
gcc.compile.c++ bin.v2\libs\config\checks\architecture\gcc-15\debug\threadapi-win32\threading-multi\visibility-hidden\32.o
libs/config/checks/architecture/32.cpp:9:36: error: narrowing conversion of '-1' from 'int' to 'long long unsigned int' [-Wnarrowing]
    9 | int test[sizeof(void*) == 4? 1 : -1];
      |                                    ^
libs/config/checks/architecture/32.cpp:9:28: error: size '-1' of array 'test' is negative
    9 | int test[sizeof(void*) == 4? 1 : -1];
      |          ~~~~~~~~~~~~~~~~~~^~~~~~~~

    "g++"   -fvisibility-inlines-hidden -O0 -fno-inline -Wall -g -fvisibility=hidden  -DBOOST_ALL_NO_LIB=1 -DBOOST_COBALT_USE_STD_PMR=1   -I"." -I"libs\config\include"  -c -o "bin.v2\libs\config\checks\architecture\gcc-15\debug\threadapi-win32\threading-multi\visibility-hidden\32.o" "libs/config/checks/architecture/32.cpp"

...failed gcc.compile.c++ bin.v2\libs\config\checks\architecture\gcc-15\debug\threadapi-win32\threading-multi\visibility-hidden\32.o...

...failed updating 1 target...
   gcc.compile.c++ bin.v2\libs\config\checks\architecture\gcc-15\debug\threadapi-win32\threading-multi\visibility-hidden\32.o
...found 2 targets...
...found 2 targets...
...updating 1 target...
gcc.compile.c++ bin.v2\libs\config\checks\architecture\gcc-15\debug\threadapi-win32\threading-multi\visibility-hidden\arm.o
libs/config/checks/architecture/arm.cpp:13:2: error: #error "Not ARM"
   13 | #error "Not ARM"
      |  ^~~~~

    "g++"   -fvisibility-inlines-hidden -O0 -fno-inline -Wall -g -fvisibility=hidden  -DBOOST_ALL_NO_LIB=1 -DBOOST_COBALT_USE_STD_PMR=1   -I"." -I"libs\config\include"  -c -o "bin.v2\libs\config\checks\architecture\gcc-15\debug\threadapi-win32\threading-multi\visibility-hidden\arm.o" "libs/config/checks/architecture/arm.cpp"

...failed gcc.compile.c++ bin.v2\libs\config\checks\architecture\gcc-15\debug\threadapi-win32\threading-multi\visibility-hidden\arm.o...

...failed updating 1 target...
   gcc.compile.c++ bin.v2\libs\config\checks\architecture\gcc-15\debug\threadapi-win32\threading-multi\visibility-hidden\arm.o
...found 2 targets...
...updating 1 target...
gcc.compile.c++ bin.v2\libs\config\checks\architecture\gcc-15\debug\threadapi-win32\threading-multi\visibility-hidden\loongarch.o
libs/config/checks/architecture/loongarch.cpp:10:2: error: #error "Not LoongArch"
   10 | #error "Not LoongArch"
      |  ^~~~~

    "g++"   -fvisibility-inlines-hidden -O0 -fno-inline -Wall -g -fvisibility=hidden  -DBOOST_ALL_NO_LIB=1 -DBOOST_COBALT_USE_STD_PMR=1   -I"." -I"libs\config\include"  -c -o "bin.v2\libs\config\checks\architecture\gcc-15\debug\threadapi-win32\threading-multi\visibility-hidden\loongarch.o" "libs/config/checks/architecture/loongarch.cpp"

...failed gcc.compile.c++ bin.v2\libs\config\checks\architecture\gcc-15\debug\threadapi-win32\threading-multi\visibility-hidden\loongarch.o...

...failed updating 1 target...
   gcc.compile.c++ bin.v2\libs\config\checks\architecture\gcc-15\debug\threadapi-win32\threading-multi\visibility-hidden\loongarch.o
...found 2 targets...
...updating 1 target...
gcc.compile.c++ bin.v2\libs\config\checks\architecture\gcc-15\debug\threadapi-win32\threading-multi\visibility-hidden\mips.o
libs/config/checks/architecture/mips.cpp:10:2: error: #error "Not MIPS"
   10 | #error "Not MIPS"
      |  ^~~~~

    "g++"   -fvisibility-inlines-hidden -O0 -fno-inline -Wall -g -fvisibility=hidden  -DBOOST_ALL_NO_LIB=1 -DBOOST_COBALT_USE_STD_PMR=1   -I"." -I"libs\config\include"  -c -o "bin.v2\libs\config\checks\architecture\gcc-15\debug\threadapi-win32\threading-multi\visibility-hidden\mips.o" "libs/config/checks/architecture/mips.cpp"

...failed gcc.compile.c++ bin.v2\libs\config\checks\architecture\gcc-15\debug\threadapi-win32\threading-multi\visibility-hidden\mips.o...

...failed updating 1 target...
   gcc.compile.c++ bin.v2\libs\config\checks\architecture\gcc-15\debug\threadapi-win32\threading-multi\visibility-hidden\mips.o
...found 2 targets...
...updating 1 target...
gcc.compile.c++ bin.v2\libs\config\checks\architecture\gcc-15\debug\threadapi-win32\threading-multi\visibility-hidden\power.o
libs/config/checks/architecture/power.cpp:13:2: error: #error "Not PPC"
   13 | #error "Not PPC"
      |  ^~~~~

    "g++"   -fvisibility-inlines-hidden -O0 -fno-inline -Wall -g -fvisibility=hidden  -DBOOST_ALL_NO_LIB=1 -DBOOST_COBALT_USE_STD_PMR=1   -I"." -I"libs\config\include"  -c -o "bin.v2\libs\config\checks\architecture\gcc-15\debug\threadapi-win32\threading-multi\visibility-hidden\power.o" "libs/config/checks/architecture/power.cpp"

...failed gcc.compile.c++ bin.v2\libs\config\checks\architecture\gcc-15\debug\threadapi-win32\threading-multi\visibility-hidden\power.o...

...failed updating 1 target...
   gcc.compile.c++ bin.v2\libs\config\checks\architecture\gcc-15\debug\threadapi-win32\threading-multi\visibility-hidden\power.o
...found 2 targets...
...updating 1 target...
gcc.compile.c++ bin.v2\libs\config\checks\architecture\gcc-15\debug\threadapi-win32\threading-multi\visibility-hidden\riscv.o
libs/config/checks/architecture/riscv.cpp:9:2: error: #error "Not RISC-V"
    9 | #error "Not RISC-V"
      |  ^~~~~

    "g++"   -fvisibility-inlines-hidden -O0 -fno-inline -Wall -g -fvisibility=hidden  -DBOOST_ALL_NO_LIB=1 -DBOOST_COBALT_USE_STD_PMR=1   -I"." -I"libs\config\include"  -c -o "bin.v2\libs\config\checks\architecture\gcc-15\debug\threadapi-win32\threading-multi\visibility-hidden\riscv.o" "libs/config/checks/architecture/riscv.cpp"

...failed gcc.compile.c++ bin.v2\libs\config\checks\architecture\gcc-15\debug\threadapi-win32\threading-multi\visibility-hidden\riscv.o...

...failed updating 1 target...
   gcc.compile.c++ bin.v2\libs\config\checks\architecture\gcc-15\debug\threadapi-win32\threading-multi\visibility-hidden\riscv.o
...found 2 targets...
...updating 1 target...
gcc.compile.c++ bin.v2\libs\config\checks\architecture\gcc-15\debug\threadapi-win32\threading-multi\visibility-hidden\s390x.o
libs/config/checks/architecture/s390x.cpp:10:2: error: #error "Not S390x"
   10 | #error "Not S390x"
      |  ^~~~~

    "g++"   -fvisibility-inlines-hidden -O0 -fno-inline -Wall -g -fvisibility=hidden  -DBOOST_ALL_NO_LIB=1 -DBOOST_COBALT_USE_STD_PMR=1   -I"." -I"libs\config\include"  -c -o "bin.v2\libs\config\checks\architecture\gcc-15\debug\threadapi-win32\threading-multi\visibility-hidden\s390x.o" "libs/config/checks/architecture/s390x.cpp"

...failed gcc.compile.c++ bin.v2\libs\config\checks\architecture\gcc-15\debug\threadapi-win32\threading-multi\visibility-hidden\s390x.o...

...failed updating 1 target...
   gcc.compile.c++ bin.v2\libs\config\checks\architecture\gcc-15\debug\threadapi-win32\threading-multi\visibility-hidden\s390x.o
...found 2 targets...
...updating 1 target...
gcc.compile.c++ bin.v2\libs\config\checks\architecture\gcc-15\debug\threadapi-win32\threading-multi\visibility-hidden\sparc.o
libs/config/checks/architecture/sparc.cpp:10:2: error: #error "Not SPARC"
   10 | #error "Not SPARC"
      |  ^~~~~

    "g++"   -fvisibility-inlines-hidden -O0 -fno-inline -Wall -g -fvisibility=hidden  -DBOOST_ALL_NO_LIB=1 -DBOOST_COBALT_USE_STD_PMR=1   -I"." -I"libs\config\include"  -c -o "bin.v2\libs\config\checks\architecture\gcc-15\debug\threadapi-win32\threading-multi\visibility-hidden\sparc.o" "libs/config/checks/architecture/sparc.cpp"

...failed gcc.compile.c++ bin.v2\libs\config\checks\architecture\gcc-15\debug\threadapi-win32\threading-multi\visibility-hidden\sparc.o...

...failed updating 1 target...
   gcc.compile.c++ bin.v2\libs\config\checks\architecture\gcc-15\debug\threadapi-win32\threading-multi\visibility-hidden\sparc.o
...found 2 targets...
...found 130 targets...
...updating 2 targets...
gcc.compile.c++ bin.v2\libs\regex\build\gcc-15\debug\x86_32\link-static\threadapi-win32\threading-multi\visibility-hidden\has_icu_test.o
F:/学习/编译原理实现/clion/lib/boost_1_89_0/libs/regex/build/has_icu_test.cpp:12:10: fatal error: unicode/uversion.h: No such file or directory
   12 | #include <unicode/uversion.h>
      |          ^~~~~~~~~~~~~~~~~~~~
compilation terminated.

    "g++"   -fvisibility-inlines-hidden -m32 -O0 -fno-inline -Wall -g -fvisibility=hidden -march=i686  -DBOOST_ALL_NO_LIB=1 -DBOOST_COBALT_USE_STD_PMR=1 -DBOOST_HAS_ICU=1   -I"." -I"F:\学习\编译原理实现\clion\lib\boost_1_89_0\libs\assert\include" -I"F:\学习\编译原理实现\clion\lib\boost_1_89_0\libs\concept_check\include" -I"F:\学习\编译原理实现\clion\lib\boost_1_89_0\libs\core\include" -I"F:\学习\编译原理实现\clion\lib\boost_1_89_0\libs\predef\include" -I"F:\学习\编译原理实现\clion\lib\boost_1_89_0\libs\preprocessor\include" -I"F:\学习\编译原理实现\clion\lib\boost_1_89_0\libs\regex\include" -I"F:\学习\编译原理实现\clion\lib\boost_1_89_0\libs\static_assert\include" -I"F:\学习\编译原理实现\clion\lib\boost_1_89_0\libs\throw_exception\include" -I"F:\学习\编译原理实现\clion\lib\boost_1_89_0\libs\type_traits\include" -I"libs\config\include"  -c -o "bin.v2\libs\regex\build\gcc-15\debug\x86_32\link-static\threadapi-win32\threading-multi\visibility-hidden\has_icu_test.o" "F:/学习/编译原理实现/clion/lib/boost_1_89_0/libs/regex/build/has_icu_test.cpp"

...failed gcc.compile.c++ bin.v2\libs\regex\build\gcc-15\debug\x86_32\link-static\threadapi-win32\threading-multi\visibility-hidden\has_icu_test.o...
...skipped <pbin.v2\libs\regex\build\gcc-15\debug\x86_32\link-static\threadapi-win32\threading-multi\visibility-hidden>has_icu.exe for lack of <pbin.v2\libs\regex\build\gcc-15\debug\x86_32\link-static\threadapi-win32\threading-multi\visibility-hidden>has_icu_test.o...

...skipped 1 target...
   <pbin.v2\libs\regex\build\gcc-15\debug\x86_32\link-static\threadapi-win32\threading-multi\visibility-hidden>has_icu.exe

...failed updating 1 target...
   gcc.compile.c++ bin.v2\libs\regex\build\gcc-15\debug\x86_32\link-static\threadapi-win32\threading-multi\visibility-hidden\has_icu_test.o
...found 8 targets...
...updating 2 targets...
gcc.compile.c++ bin.v2\libs\regex\build\gcc-15\release\x86_32\link-static\threadapi-win32\threading-multi\visibility-hidden\has_icu_test.o
F:/学习/编译原理实现/clion/lib/boost_1_89_0/libs/regex/build/has_icu_test.cpp:12:10: fatal error: unicode/uversion.h: No such file or directory
   12 | #include <unicode/uversion.h>
      |          ^~~~~~~~~~~~~~~~~~~~
compilation terminated.

    "g++"   -fvisibility-inlines-hidden -m32 -O3 -finline-functions -Wno-inline -Wall -fvisibility=hidden -march=i686  -DBOOST_ALL_NO_LIB=1 -DBOOST_COBALT_USE_STD_PMR=1 -DBOOST_HAS_ICU=1 -DNDEBUG   -I"." -I"F:\学习\编译原理实现\clion\lib\boost_1_89_0\libs\assert\include" -I"F:\学习\编译原理实现\clion\lib\boost_1_89_0\libs\concept_check\include" -I"F:\学习\编译原理实现\clion\lib\boost_1_89_0\libs\core\include" -I"F:\学习\编译原理实现\clion\lib\boost_1_89_0\libs\predef\include" -I"F:\学习\编译原理实现\clion\lib\boost_1_89_0\libs\preprocessor\include" -I"F:\学习\编译原理实现\clion\lib\boost_1_89_0\libs\regex\include" -I"F:\学习\编译原理实现\clion\lib\boost_1_89_0\libs\static_assert\include" -I"F:\学习\编译原理实现\clion\lib\boost_1_89_0\libs\throw_exception\include" -I"F:\学习\编译原理实现\clion\lib\boost_1_89_0\libs\type_traits\include" -I"libs\config\include"  -c -o "bin.v2\libs\regex\build\gcc-15\release\x86_32\link-static\threadapi-win32\threading-multi\visibility-hidden\has_icu_test.o" "F:/学习/编译原理实现/clion/lib/boost_1_89_0/libs/regex/build/has_icu_test.cpp"

...failed gcc.compile.c++ bin.v2\libs\regex\build\gcc-15\release\x86_32\link-static\threadapi-win32\threading-multi\visibility-hidden\has_icu_test.o...
...skipped <pbin.v2\libs\regex\build\gcc-15\release\x86_32\link-static\threadapi-win32\threading-multi\visibility-hidden>has_icu.exe for lack of <pbin.v2\libs\regex\build\gcc-15\release\x86_32\link-static\threadapi-win32\threading-multi\visibility-hidden>has_icu_test.o...

...skipped 1 target...
   <pbin.v2\libs\regex\build\gcc-15\release\x86_32\link-static\threadapi-win32\threading-multi\visibility-hidden>has_icu.exe

...failed updating 1 target...
   gcc.compile.c++ bin.v2\libs\regex\build\gcc-15\release\x86_32\link-static\threadapi-win32\threading-multi\visibility-hidden\has_icu_test.o
...found 7 targets...
...updating 2 targets...
gcc.compile.c++ bin.v2\libs\regex\build\gcc-15\debug\x86_64\link-static\threadapi-win32\threading-multi\visibility-hidden\has_icu_test.o
F:/学习/编译原理实现/clion/lib/boost_1_89_0/libs/regex/build/has_icu_test.cpp:12:10: fatal error: unicode/uversion.h: No such file or directory
   12 | #include <unicode/uversion.h>
      |          ^~~~~~~~~~~~~~~~~~~~
compilation terminated.

    "g++"   -fvisibility-inlines-hidden -m64 -O0 -fno-inline -Wall -g -fvisibility=hidden  -DBOOST_ALL_NO_LIB=1 -DBOOST_COBALT_USE_STD_PMR=1 -DBOOST_HAS_ICU=1   -I"." -I"F:\学习\编译原理实现\clion\lib\boost_1_89_0\libs\assert\include" -I"F:\学习\编译原理实现\clion\lib\boost_1_89_0\libs\concept_check\include" -I"F:\学习\编译原理实现\clion\lib\boost_1_89_0\libs\core\include" -I"F:\学习\编译原理实现\clion\lib\boost_1_89_0\libs\predef\include" -I"F:\学习\编译原理实现\clion\lib\boost_1_89_0\libs\preprocessor\include" -I"F:\学习\编译原理实现\clion\lib\boost_1_89_0\libs\regex\include" -I"F:\学习\编译原理实现\clion\lib\boost_1_89_0\libs\static_assert\include" -I"F:\学习\编译原理实现\clion\lib\boost_1_89_0\libs\throw_exception\include" -I"F:\学习\编译原理实现\clion\lib\boost_1_89_0\libs\type_traits\include" -I"libs\config\include"  -c -o "bin.v2\libs\regex\build\gcc-15\debug\x86_64\link-static\threadapi-win32\threading-multi\visibility-hidden\has_icu_test.o" "F:/学习/编译原理实现/clion/lib/boost_1_89_0/libs/regex/build/has_icu_test.cpp"

...failed gcc.compile.c++ bin.v2\libs\regex\build\gcc-15\debug\x86_64\link-static\threadapi-win32\threading-multi\visibility-hidden\has_icu_test.o...
...skipped <pbin.v2\libs\regex\build\gcc-15\debug\x86_64\link-static\threadapi-win32\threading-multi\visibility-hidden>has_icu.exe for lack of <pbin.v2\libs\regex\build\gcc-15\debug\x86_64\link-static\threadapi-win32\threading-multi\visibility-hidden>has_icu_test.o...

...skipped 1 target...
   <pbin.v2\libs\regex\build\gcc-15\debug\x86_64\link-static\threadapi-win32\threading-multi\visibility-hidden>has_icu.exe

...failed updating 1 target...
   gcc.compile.c++ bin.v2\libs\regex\build\gcc-15\debug\x86_64\link-static\threadapi-win32\threading-multi\visibility-hidden\has_icu_test.o
...found 7 targets...
...updating 2 targets...
gcc.compile.c++ bin.v2\libs\regex\build\gcc-15\release\x86_64\link-static\threadapi-win32\threading-multi\visibility-hidden\has_icu_test.o
F:/学习/编译原理实现/clion/lib/boost_1_89_0/libs/regex/build/has_icu_test.cpp:12:10: fatal error: unicode/uversion.h: No such file or directory
   12 | #include <unicode/uversion.h>
      |          ^~~~~~~~~~~~~~~~~~~~
compilation terminated.

    "g++"   -fvisibility-inlines-hidden -m64 -O3 -finline-functions -Wno-inline -Wall -fvisibility=hidden  -DBOOST_ALL_NO_LIB=1 -DBOOST_COBALT_USE_STD_PMR=1 -DBOOST_HAS_ICU=1 -DNDEBUG   -I"." -I"F:\学习\编译原理实现\clion\lib\boost_1_89_0\libs\assert\include" -I"F:\学习\编译原理实现\clion\lib\boost_1_89_0\libs\concept_check\include" -I"F:\学习\编译原理实现\clion\lib\boost_1_89_0\libs\core\include" -I"F:\学习\编译原理实现\clion\lib\boost_1_89_0\libs\predef\include" -I"F:\学习\编译原理实现\clion\lib\boost_1_89_0\libs\preprocessor\include" -I"F:\学习\编译原理实现\clion\lib\boost_1_89_0\libs\regex\include" -I"F:\学习\编译原理实现\clion\lib\boost_1_89_0\libs\static_assert\include" -I"F:\学习\编译原理实现\clion\lib\boost_1_89_0\libs\throw_exception\include" -I"F:\学习\编译原理实现\clion\lib\boost_1_89_0\libs\type_traits\include" -I"libs\config\include"  -c -o "bin.v2\libs\regex\build\gcc-15\release\x86_64\link-static\threadapi-win32\threading-multi\visibility-hidden\has_icu_test.o" "F:/学习/编译原理实现/clion/lib/boost_1_89_0/libs/regex/build/has_icu_test.cpp"

...failed gcc.compile.c++ bin.v2\libs\regex\build\gcc-15\release\x86_64\link-static\threadapi-win32\threading-multi\visibility-hidden\has_icu_test.o...
...skipped <pbin.v2\libs\regex\build\gcc-15\release\x86_64\link-static\threadapi-win32\threading-multi\visibility-hidden>has_icu.exe for lack of <pbin.v2\libs\regex\build\gcc-15\release\x86_64\link-static\threadapi-win32\threading-multi\visibility-hidden>has_icu_test.o...

...skipped 1 target...
   <pbin.v2\libs\regex\build\gcc-15\release\x86_64\link-static\threadapi-win32\threading-multi\visibility-hidden>has_icu.exe

...failed updating 1 target...
   gcc.compile.c++ bin.v2\libs\regex\build\gcc-15\release\x86_64\link-static\threadapi-win32\threading-multi\visibility-hidden\has_icu_test.o
...found 1 target...
...updating 1 target...
config-cache.write bin.v2\project-cache.jam

...updated 1 target...
